🚀 Server running on http://localhost:5000
✅ MongoDB Connected
✅ Change stream watcher started on 'tableHistory'
✅ Update 681c2fa364d6496ff2074c89 records into 'productReport'
✅ Update 681c750f64d6496ff20753c1 records into 'productReport'
✅ Update transaction caca records into 'Cashier'
✅ Update 681c2d5464d6496ff2074c6d records into 'productReport'
✅ Update 681d9fb8809bdae975333801 records into 'productReport'
✅ Update 681c750f64d6496ff20753c1 records into 'productReport'
✅ Update 682c8a04b214ffb0d93a0ec1 records into 'productReport'
✅ Update added items 681c2feb64d6496ff2074c96 records into 'productReport'
🚀 Server running on http://localhost:5000
✅ MongoDB Connected
✅ Change stream watcher started on 'tableHistory'
✅ Update updated items 681c750f64d6496ff20753c1 records into 'productReport'
✅ Update updated items 681c750f64d6496ff20753c1 records into 'productReport'
✅ Update updated items 681c750f64d6496ff20753c1 records into 'productReport'
✅ Update updated items 681c750f64d6496ff20753c1 records into 'productReport'
✅ Update updated items 681c750f64d6496ff20753c1 records into 'productReport'
✅ Update updated items 681c750f64d6496ff20753c1 records into 'productReport'
✅ Update updated items 681c750f64d6496ff20753c1 records into 'productReport'
✅ Update updated items 681c750f64d6496ff20753c1 records into 'productReport'
✅ Update added items 681d9fb8809bdae975333801 records into 'productReport'
✅ Update added items 68217c01f8d63237756a8062 records into 'productReport'
✅ Update added items 681c2fa364d6496ff2074c89 records into 'productReport'
✅ Update updated items 681c750f64d6496ff20753c1 records into 'productReport'
✅ Update updated items 681c750f64d6496ff20753c1 records into 'productReport'
✅ Update updated items 681c750f64d6496ff20753c1 records into 'productReport'
✅ Update updated items 681de3db809bdae9753340ec records into 'productReport'
✅ Update added items 6832c9cf97eae2e41ddb2076 records into 'productReport'
✅ Update added items 681c301264d6496ff2074c9a records into 'productReport'
✅ Update added items 67fdde045d06096bb6f1af26 records into 'productReport'
✅ Update transaction table6 records into 'Cashier'
✅ Update transaction caca records into 'Cashier'
✅ Update transaction caca records into 'Cashier'
✅ Update 6832c9cf97eae2e41ddb2076 records into 'productReport'
✅ Update added items 683d33aed07c335c08c68a21 records into 'productReport'
✅ Update added items 681c303b64d6496ff2074ca2 records into 'productReport'
✅ Update 682c8a04b214ffb0d93a0ec1 records into 'productReport'
✅ Update 681c2bc464d6496ff2074c21 records into 'productReport'
✅ Update 682c8a04b214ffb0d93a0ec1 records into 'productReport'
✅ Update 681c2bc464d6496ff2074c21 records into 'productReport'
✅ Update updated items 683d33aed07c335c08c68a21 records into 'productReport'
✅ Update 682c8a04b214ffb0d93a0ec1 records into 'productReport'
✅ Update 681c2bc464d6496ff2074c21 records into 'productReport'
✅ Update updated items 683d33aed07c335c08c68a21 records into 'productReport'
✅ Update 682c8a04b214ffb0d93a0ec1 records into 'productReport'
✅ Update 681c2bc464d6496ff2074c21 records into 'productReport'
✅ Update updated items 683d33aed07c335c08c68a21 records into 'productReport'
✅ Update added items 681c2feb64d6496ff2074c96 records into 'productReport'
✅ Update added items 681c2d0f64d6496ff2074c61 records into 'productReport'
✅ Update added items 681c2fa364d6496ff2074c89 records into 'productReport'
✅ Update added items 681de3db809bdae9753340ec records into 'productReport'
✅ Update 682c8a04b214ffb0d93a0ec1 records into 'productReport'
✅ Update 682c8a04b214ffb0d93a0ec1 records into 'productReport'
✅ Update 682c8a04b214ffb0d93a0ec1 records into 'productReport'
✅ Update added items 682997e05e379670c9e48bc1 records into 'productReport'
✅ Update added items 681c2bc464d6496ff2074c21 records into 'productReport'
✅ Update added items 68393f87cb8a7a70ca1e14c4 records into 'productReport'
✅ Update added items 681d9fb8809bdae975333801 records into 'productReport'
✅ Update transaction F-2131231 records into 'Cashier'
✅ Update transaction F-2131231 records into 'Cashier'
✅ Update 682c8a04b214ffb0d93a0ec1 records into 'productReport'
✅ Update 683d341bd07c335c08c68a24 records into 'productReport'
✅ Update 681c2d5464d6496ff2074c6d records into 'productReport'
✅ Update 681c303b64d6496ff2074ca2 records into 'productReport'
✅ Update 682b2addb214ffb0d93a0549 records into 'productReport'
✅ Update added items 683d341bd07c335c08c68a24 records into 'productReport'
✅ Update removed items 683d33aed07c335c08c68a21 records into 'productReport'
✅ Update added items 681de3db809bdae9753340ec records into 'productReport'
✅ Update added items 681c2d0f64d6496ff2074c61 records into 'productReport'
✅ Update added items 681c2feb64d6496ff2074c96 records into 'productReport'
